2015-11-10 15:26:56 10fc InnoDB: Warning: Using innodb_additional_mem_pool_size is DEPRECATED. This option may be removed in future releases, together with the option innodb_use_sys_malloc and with the InnoDB's internal memory allocator.
2015-11-10 15:26:56 4348 [Note] InnoDB: Using mutexes to ref count buffer pool pages
2015-11-10 15:26:56 4348 [Note] InnoDB: The InnoDB memory heap is disabled
2015-11-10 15:26:56 4348 [Note] InnoDB: Mutexes and rw_locks use Windows interlocked functions
2015-11-10 15:26:56 4348 [Note] InnoDB: Memory barrier is not used
2015-11-10 15:26:56 4348 [Note] InnoDB: Compressed tables use zlib 1.2.3
2015-11-10 15:26:56 4348 [Note] InnoDB: Not using CPU crc32 instructions
2015-11-10 15:26:56 4348 [Note] InnoDB: Initializing buffer pool, size = 16.0M
2015-11-10 15:26:56 4348 [Note] InnoDB: Completed initialization of buffer pool
2015-11-10 15:26:56 4348 [Note] InnoDB: Highest supported file format is Barracuda.
2015-11-10 15:26:57 4348 [Note] InnoDB: 128 rollback segment(s) are active.
2015-11-10 15:26:57 4348 [Note] InnoDB: Waiting for purge to start
2015-11-10 15:26:57 4348 [Note] InnoDB:  Percona XtraDB (http://www.percona.com) 5.6.26-74.0 started; log sequence number 1835027
2015-11-10 15:26:57 6140 [Note] InnoDB: Dumping buffer pool(s) not yet started
2015-11-10 15:26:57 4348 [Note] Plugin 'FEEDBACK' is disabled.
2015-11-10 15:26:57 4348 [Note] Server socket created on IP: '::'.
2015-11-10 15:26:57 4348 [Note] Event Scheduler: Loaded 0 events
2015-11-10 15:26:57 4348 [Note] C:\xampp\mysql\bin\mysqld.exe: ready for connections.
Version: '10.1.8-MariaDB'  socket: ''  port: 3306  mariadb.org binary distribution
2015-11-10 15:27:11 5152 [Note] C:\xampp\mysql\bin\mysqld.exe: Normal shutdown

2015-11-10 15:27:11 5152 [Note] Event Scheduler: Purging the queue. 0 events
2015-11-10 15:27:11 5732 [Note] InnoDB: FTS optimize thread exiting.
2015-11-10 15:27:11 5152 [Note] InnoDB: Starting shutdown...
2015-11-10 15:27:13 5152 [Note] InnoDB: Shutdown completed; log sequence number 1835037
2015-11-10 15:27:13 5152 [Note] C:\xampp\mysql\bin\mysqld.exe: Shutdown complete

2017-04-06 01:31:38 2b70 InnoDB: Warning: Using innodb_additional_mem_pool_size is DEPRECATED. This option may be removed in future releases, together with the option innodb_use_sys_malloc and with the InnoDB's internal memory allocator.
2017-04-06  1:31:38 11120 [Note] InnoDB: innodb_empty_free_list_algorithm has been changed to legacy because of small buffer pool size. In order to use backoff, increase buffer pool at least up to 20MB.

2017-04-06  1:31:38 11120 [Note] InnoDB: Using mutexes to ref count buffer pool pages
2017-04-06  1:31:38 11120 [Note] InnoDB: The InnoDB memory heap is disabled
2017-04-06  1:31:38 11120 [Note] InnoDB: Mutexes and rw_locks use Windows interlocked functions
2017-04-06  1:31:38 11120 [Note] InnoDB: _mm_lfence() and _mm_sfence() are used for memory barrier
2017-04-06  1:31:38 11120 [Note] InnoDB: Compressed tables use zlib 1.2.3
2017-04-06  1:31:38 11120 [Note] InnoDB: Using generic crc32 instructions
2017-04-06  1:31:38 11120 [Note] InnoDB: Initializing buffer pool, size = 16.0M
2017-04-06  1:31:38 11120 [Note] InnoDB: Completed initialization of buffer pool
2017-04-06  1:31:38 11120 [Note] InnoDB: Highest supported file format is Barracuda.
2017-04-06  1:31:38 11120 [Warning] InnoDB: Resizing redo log from 2*3072 to 2*320 pages, LSN=1836020
2017-04-06  1:31:39 11120 [Warning] InnoDB: Starting to delete and rewrite log files.
2017-04-06  1:31:39 11120 [Note] InnoDB: Setting log file C:\xampp\mysql\data\ib_logfile101 size to 5 MB
2017-04-06  1:31:39 11120 [Note] InnoDB: Setting log file C:\xampp\mysql\data\ib_logfile1 size to 5 MB
2017-04-06  1:31:39 11120 [Note] InnoDB: Renaming log file C:\xampp\mysql\data\ib_logfile101 to C:\xampp\mysql\data\ib_logfile0
2017-04-06  1:31:39 11120 [Warning] InnoDB: New log files created, LSN=1836044
2017-04-06  1:31:39 11120 [Note] InnoDB: 128 rollback segment(s) are active.
2017-04-06  1:31:39 11120 [Note] InnoDB: Waiting for purge to start
2017-04-06  1:31:39 11120 [Note] InnoDB:  Percona XtraDB (http://www.percona.com) 5.6.34-79.1 started; log sequence number 1836020
2017-04-06  1:31:39 11828 [Note] InnoDB: Dumping buffer pool(s) not yet started
2017-04-06  1:31:39 11120 [Note] Plugin 'FEEDBACK' is disabled.
2017-04-06  1:31:39 11120 [Note] Server socket created on IP: '::'.
2017-04-06  1:31:40 11120 [Note] mysql\bin\mysqld: ready for connections.
Version: '10.1.21-MariaDB'  socket: ''  port: 3306  mariadb.org binary distribution
2017-04-06 16:26:22 19cc InnoDB: Warning: Using innodb_additional_mem_pool_size is DEPRECATED. This option may be removed in future releases, together with the option innodb_use_sys_malloc and with the InnoDB's internal memory allocator.
2017-04-06 16:26:22 6604 [Note] InnoDB: innodb_empty_free_list_algorithm has been changed to legacy because of small buffer pool size. In order to use backoff, increase buffer pool at least up to 20MB.

2017-04-06 16:26:22 6604 [Note] InnoDB: Using mutexes to ref count buffer pool pages
2017-04-06 16:26:22 6604 [Note] InnoDB: The InnoDB memory heap is disabled
2017-04-06 16:26:22 6604 [Note] InnoDB: Mutexes and rw_locks use Windows interlocked functions
2017-04-06 16:26:22 6604 [Note] InnoDB: _mm_lfence() and _mm_sfence() are used for memory barrier
2017-04-06 16:26:22 6604 [Note] InnoDB: Compressed tables use zlib 1.2.3
2017-04-06 16:26:22 6604 [Note] InnoDB: Using generic crc32 instructions
2017-04-06 16:26:22 6604 [Note] InnoDB: Initializing buffer pool, size = 16.0M
2017-04-06 16:26:22 6604 [Note] InnoDB: Completed initialization of buffer pool
2017-04-06 16:26:22 6604 [Note] InnoDB: Highest supported file format is Barracuda.
2017-04-06 16:26:22 6604 [Note] InnoDB: The log sequence numbers 1836044 and 1836044 in ibdata files do not match the log sequence number 1836206 in the ib_logfiles!
2017-04-06 16:26:22 6604 [Note] InnoDB: Database was not shutdown normally!
2017-04-06 16:26:22 6604 [Note] InnoDB: Starting crash recovery.
2017-04-06 16:26:22 6604 [Note] InnoDB: Reading tablespace information from the .ibd files...
2017-04-06 16:26:22 6604 [Note] InnoDB: Restoring possible half-written data pages 
2017-04-06 16:26:22 6604 [Note] InnoDB: from the doublewrite buffer...
2017-04-06 16:26:23 6604 [Note] InnoDB: 128 rollback segment(s) are active.
2017-04-06 16:26:23 6604 [Note] InnoDB: Waiting for purge to start
2017-04-06 16:26:23 6604 [Note] InnoDB:  Percona XtraDB (http://www.percona.com) 5.6.34-79.1 started; log sequence number 1836206
2017-04-06 16:26:23 5244 [Note] InnoDB: Dumping buffer pool(s) not yet started
2017-04-06 16:26:23 6604 [Note] Plugin 'FEEDBACK' is disabled.
2017-04-06 16:26:23 6604 [Note] Server socket created on IP: '::'.
2017-04-06 16:26:24 6604 [Note] mysql\bin\mysqld: ready for connections.
Version: '10.1.21-MariaDB'  socket: ''  port: 3306  mariadb.org binary distribution
2017-04-06 16:26:47 2690 InnoDB: Warning: Using innodb_additional_mem_pool_size is DEPRECATED. This option may be removed in future releases, together with the option innodb_use_sys_malloc and with the InnoDB's internal memory allocator.
2017-04-06 16:26:47 9872 [Note] InnoDB: innodb_empty_free_list_algorithm has been changed to legacy because of small buffer pool size. In order to use backoff, increase buffer pool at least up to 20MB.

2017-04-06 16:26:47 9872 [Note] InnoDB: Using mutexes to ref count buffer pool pages
2017-04-06 16:26:47 9872 [Note] InnoDB: The InnoDB memory heap is disabled
2017-04-06 16:26:47 9872 [Note] InnoDB: Mutexes and rw_locks use Windows interlocked functions
2017-04-06 16:26:47 9872 [Note] InnoDB: _mm_lfence() and _mm_sfence() are used for memory barrier
2017-04-06 16:26:47 9872 [Note] InnoDB: Compressed tables use zlib 1.2.3
2017-04-06 16:26:47 9872 [Note] InnoDB: Using generic crc32 instructions
2017-04-06 16:26:47 9872 [Note] InnoDB: Initializing buffer pool, size = 16.0M
2017-04-06 16:26:47 9872 [Note] InnoDB: Completed initialization of buffer pool
2017-04-06 16:26:47 9872 [ERROR] InnoDB: C:\xampp\mysql\data\ibdata1 can't be opened in read-write mode
2017-04-06 16:26:47 9872 [ERROR] InnoDB: The system tablespace must be writable!
2017-04-06 16:26:47 9872 [ERROR] Plugin 'InnoDB' init function returned error.
2017-04-06 16:26:47 9872 [ERROR] Plugin 'InnoDB' registration as a STORAGE ENGINE failed.
2017-04-06 16:26:47 9872 [Note] Plugin 'FEEDBACK' is disabled.
2017-04-06 16:26:47 9872 [ERROR] Unknown/unsupported storage engine: InnoDB
2017-04-06 16:26:47 9872 [ERROR] Aborting

2017-04-06 16:26:55 1d94 InnoDB: Warning: Using innodb_additional_mem_pool_size is DEPRECATED. This option may be removed in future releases, together with the option innodb_use_sys_malloc and with the InnoDB's internal memory allocator.
2017-04-06 16:26:55 7572 [Note] InnoDB: innodb_empty_free_list_algorithm has been changed to legacy because of small buffer pool size. In order to use backoff, increase buffer pool at least up to 20MB.

2017-04-06 16:26:55 7572 [Note] InnoDB: Using mutexes to ref count buffer pool pages
2017-04-06 16:26:55 7572 [Note] InnoDB: The InnoDB memory heap is disabled
2017-04-06 16:26:55 7572 [Note] InnoDB: Mutexes and rw_locks use Windows interlocked functions
2017-04-06 16:26:55 7572 [Note] InnoDB: _mm_lfence() and _mm_sfence() are used for memory barrier
2017-04-06 16:26:55 7572 [Note] InnoDB: Compressed tables use zlib 1.2.3
2017-04-06 16:26:55 7572 [Note] InnoDB: Using generic crc32 instructions
2017-04-06 16:26:55 7572 [Note] InnoDB: Initializing buffer pool, size = 16.0M
2017-04-06 16:26:55 7572 [Note] InnoDB: Completed initialization of buffer pool
2017-04-06 16:26:55 7572 [Note] InnoDB: Highest supported file format is Barracuda.
2017-04-06 16:26:55 7572 [Note] InnoDB: The log sequence numbers 1836044 and 1836044 in ibdata files do not match the log sequence number 1836216 in the ib_logfiles!
2017-04-06 16:26:55 7572 [Note] InnoDB: Database was not shutdown normally!
2017-04-06 16:26:55 7572 [Note] InnoDB: Starting crash recovery.
2017-04-06 16:26:55 7572 [Note] InnoDB: Reading tablespace information from the .ibd files...
2017-04-06 16:26:56 7572 [Note] InnoDB: Restoring possible half-written data pages 
2017-04-06 16:26:56 7572 [Note] InnoDB: from the doublewrite buffer...
2017-04-06 16:26:56 7572 [Note] InnoDB: 128 rollback segment(s) are active.
2017-04-06 16:26:56 7572 [Note] InnoDB: Waiting for purge to start
2017-04-06 16:26:56 7572 [Note] InnoDB:  Percona XtraDB (http://www.percona.com) 5.6.34-79.1 started; log sequence number 1836216
2017-04-06 16:26:57 9960 [Note] InnoDB: Dumping buffer pool(s) not yet started
2017-04-06 16:26:57 7572 [Note] Plugin 'FEEDBACK' is disabled.
2017-04-06 16:26:57 7572 [Note] Server socket created on IP: '::'.
2017-04-06 16:26:57 7572 [Note] mysql\bin\mysqld: ready for connections.
Version: '10.1.21-MariaDB'  socket: ''  port: 3306  mariadb.org binary distribution
2017-04-06 16:27:10 20b0 InnoDB: Warning: Using innodb_additional_mem_pool_size is DEPRECATED. This option may be removed in future releases, together with the option innodb_use_sys_malloc and with the InnoDB's internal memory allocator.
2017-04-06 16:27:10 8368 [Note] InnoDB: innodb_empty_free_list_algorithm has been changed to legacy because of small buffer pool size. In order to use backoff, increase buffer pool at least up to 20MB.

2017-04-06 16:27:10 8368 [Note] InnoDB: Using mutexes to ref count buffer pool pages
2017-04-06 16:27:10 8368 [Note] InnoDB: The InnoDB memory heap is disabled
2017-04-06 16:27:10 8368 [Note] InnoDB: Mutexes and rw_locks use Windows interlocked functions
2017-04-06 16:27:10 8368 [Note] InnoDB: _mm_lfence() and _mm_sfence() are used for memory barrier
2017-04-06 16:27:10 8368 [Note] InnoDB: Compressed tables use zlib 1.2.3
2017-04-06 16:27:10 8368 [Note] InnoDB: Using generic crc32 instructions
2017-04-06 16:27:10 8368 [Note] InnoDB: Initializing buffer pool, size = 16.0M
2017-04-06 16:27:10 8368 [Note] InnoDB: Completed initialization of buffer pool
2017-04-06 16:27:10 8368 [ERROR] InnoDB: C:\xampp\mysql\data\ibdata1 can't be opened in read-write mode
2017-04-06 16:27:10 8368 [ERROR] InnoDB: The system tablespace must be writable!
2017-04-06 16:27:10 8368 [ERROR] Plugin 'InnoDB' init function returned error.
2017-04-06 16:27:10 8368 [ERROR] Plugin 'InnoDB' registration as a STORAGE ENGINE failed.
2017-04-06 16:27:10 8368 [Note] Plugin 'FEEDBACK' is disabled.
2017-04-06 16:27:10 8368 [ERROR] Unknown/unsupported storage engine: InnoDB
2017-04-06 16:27:10 8368 [ERROR] Aborting

2017-04-06 16:28:15 28f4 InnoDB: Warning: Using innodb_additional_mem_pool_size is DEPRECATED. This option may be removed in future releases, together with the option innodb_use_sys_malloc and with the InnoDB's internal memory allocator.
2017-04-06 16:28:15 10484 [Note] InnoDB: innodb_empty_free_list_algorithm has been changed to legacy because of small buffer pool size. In order to use backoff, increase buffer pool at least up to 20MB.

2017-04-06 16:28:15 10484 [Note] InnoDB: Using mutexes to ref count buffer pool pages
2017-04-06 16:28:15 10484 [Note] InnoDB: The InnoDB memory heap is disabled
2017-04-06 16:28:15 10484 [Note] InnoDB: Mutexes and rw_locks use Windows interlocked functions
2017-04-06 16:28:15 10484 [Note] InnoDB: _mm_lfence() and _mm_sfence() are used for memory barrier
2017-04-06 16:28:15 10484 [Note] InnoDB: Compressed tables use zlib 1.2.3
2017-04-06 16:28:16 10484 [Note] InnoDB: Using generic crc32 instructions
2017-04-06 16:28:16 10484 [Note] InnoDB: Initializing buffer pool, size = 16.0M
2017-04-06 16:28:16 10484 [Note] InnoDB: Completed initialization of buffer pool
2017-04-06 16:28:16 10484 [ERROR] InnoDB: C:\xampp\mysql\data\ibdata1 can't be opened in read-write mode
2017-04-06 16:28:16 10484 [ERROR] InnoDB: The system tablespace must be writable!
2017-04-06 16:28:16 10484 [ERROR] Plugin 'InnoDB' init function returned error.
2017-04-06 16:28:16 10484 [ERROR] Plugin 'InnoDB' registration as a STORAGE ENGINE failed.
2017-04-06 16:28:16 10484 [Note] Plugin 'FEEDBACK' is disabled.
2017-04-06 16:28:16 10484 [ERROR] Unknown/unsupported storage engine: InnoDB
2017-04-06 16:28:16 10484 [ERROR] Aborting

2017-04-06 16:43:25 14ec InnoDB: Warning: Using innodb_additional_mem_pool_size is DEPRECATED. This option may be removed in future releases, together with the option innodb_use_sys_malloc and with the InnoDB's internal memory allocator.
2017-04-06 16:43:25 5356 [Note] InnoDB: innodb_empty_free_list_algorithm has been changed to legacy because of small buffer pool size. In order to use backoff, increase buffer pool at least up to 20MB.

2017-04-06 16:43:25 5356 [Note] InnoDB: Using mutexes to ref count buffer pool pages
2017-04-06 16:43:25 5356 [Note] InnoDB: The InnoDB memory heap is disabled
2017-04-06 16:43:25 5356 [Note] InnoDB: Mutexes and rw_locks use Windows interlocked functions
2017-04-06 16:43:25 5356 [Note] InnoDB: _mm_lfence() and _mm_sfence() are used for memory barrier
2017-04-06 16:43:25 5356 [Note] InnoDB: Compressed tables use zlib 1.2.3
2017-04-06 16:43:25 5356 [Note] InnoDB: Using generic crc32 instructions
2017-04-06 16:43:25 5356 [Note] InnoDB: Initializing buffer pool, size = 16.0M
2017-04-06 16:43:25 5356 [Note] InnoDB: Completed initialization of buffer pool
2017-04-06 16:43:25 5356 [ERROR] InnoDB: C:\xampp\mysql\data\ibdata1 can't be opened in read-write mode
2017-04-06 16:43:25 5356 [ERROR] InnoDB: The system tablespace must be writable!
2017-04-06 16:43:25 5356 [ERROR] Plugin 'InnoDB' init function returned error.
2017-04-06 16:43:25 5356 [ERROR] Plugin 'InnoDB' registration as a STORAGE ENGINE failed.
2017-04-06 16:43:25 5356 [Note] Plugin 'FEEDBACK' is disabled.
2017-04-06 16:43:25 5356 [ERROR] Unknown/unsupported storage engine: InnoDB
2017-04-06 16:43:25 5356 [ERROR] Aborting

2017-04-06 16:43:35 2a2c InnoDB: Warning: Using innodb_additional_mem_pool_size is DEPRECATED. This option may be removed in future releases, together with the option innodb_use_sys_malloc and with the InnoDB's internal memory allocator.
2017-04-06 16:43:35 10796 [Note] InnoDB: innodb_empty_free_list_algorithm has been changed to legacy because of small buffer pool size. In order to use backoff, increase buffer pool at least up to 20MB.

2017-04-06 16:43:35 10796 [Note] InnoDB: Using mutexes to ref count buffer pool pages
2017-04-06 16:43:35 10796 [Note] InnoDB: The InnoDB memory heap is disabled
2017-04-06 16:43:35 10796 [Note] InnoDB: Mutexes and rw_locks use Windows interlocked functions
2017-04-06 16:43:35 10796 [Note] InnoDB: _mm_lfence() and _mm_sfence() are used for memory barrier
2017-04-06 16:43:35 10796 [Note] InnoDB: Compressed tables use zlib 1.2.3
2017-04-06 16:43:35 10796 [Note] InnoDB: Using generic crc32 instructions
2017-04-06 16:43:35 10796 [Note] InnoDB: Initializing buffer pool, size = 16.0M
2017-04-06 16:43:35 10796 [Note] InnoDB: Completed initialization of buffer pool
2017-04-06 16:43:35 10796 [Note] InnoDB: Highest supported file format is Barracuda.
2017-04-06 16:43:35 10796 [Note] InnoDB: The log sequence numbers 1836044 and 1836044 in ibdata files do not match the log sequence number 1836226 in the ib_logfiles!
2017-04-06 16:43:35 10796 [Note] InnoDB: Database was not shutdown normally!
2017-04-06 16:43:35 10796 [Note] InnoDB: Starting crash recovery.
2017-04-06 16:43:35 10796 [Note] InnoDB: Reading tablespace information from the .ibd files...
2017-04-06 16:43:36 10796 [Note] InnoDB: Restoring possible half-written data pages 
2017-04-06 16:43:36 10796 [Note] InnoDB: from the doublewrite buffer...
2017-04-06 16:43:36 10796 [Note] InnoDB: 128 rollback segment(s) are active.
2017-04-06 16:43:36 10796 [Note] InnoDB: Waiting for purge to start
2017-04-06 16:43:36 10796 [Note] InnoDB:  Percona XtraDB (http://www.percona.com) 5.6.34-79.1 started; log sequence number 1836226
2017-04-06 16:43:37 3204 [Note] InnoDB: Dumping buffer pool(s) not yet started
2017-04-06 16:43:37 10796 [Note] Plugin 'FEEDBACK' is disabled.
2017-04-06 16:43:37 10796 [Note] Server socket created on IP: '::'.
2017-04-06 16:43:37 10796 [Note] mysql\bin\mysqld: ready for connections.
Version: '10.1.21-MariaDB'  socket: ''  port: 3306  mariadb.org binary distribution
2017-04-06 18:03:23 2404 InnoDB: Warning: Using innodb_additional_mem_pool_size is DEPRECATED. This option may be removed in future releases, together with the option innodb_use_sys_malloc and with the InnoDB's internal memory allocator.
2017-04-06 18:03:23 9220 [Note] InnoDB: innodb_empty_free_list_algorithm has been changed to legacy because of small buffer pool size. In order to use backoff, increase buffer pool at least up to 20MB.

2017-04-06 18:03:23 9220 [Note] InnoDB: Using mutexes to ref count buffer pool pages
2017-04-06 18:03:23 9220 [Note] InnoDB: The InnoDB memory heap is disabled
2017-04-06 18:03:23 9220 [Note] InnoDB: Mutexes and rw_locks use Windows interlocked functions
2017-04-06 18:03:23 9220 [Note] InnoDB: _mm_lfence() and _mm_sfence() are used for memory barrier
2017-04-06 18:03:23 9220 [Note] InnoDB: Compressed tables use zlib 1.2.3
2017-04-06 18:03:23 9220 [Note] InnoDB: Using generic crc32 instructions
2017-04-06 18:03:23 9220 [Note] InnoDB: Initializing buffer pool, size = 16.0M
2017-04-06 18:03:23 9220 [Note] InnoDB: Completed initialization of buffer pool
2017-04-06 18:03:24 9220 [Note] InnoDB: Highest supported file format is Barracuda.
2017-04-06 18:03:24 9220 [Note] InnoDB: The log sequence numbers 1836044 and 1836044 in ibdata files do not match the log sequence number 1844877 in the ib_logfiles!
2017-04-06 18:03:24 9220 [Note] InnoDB: Database was not shutdown normally!
2017-04-06 18:03:24 9220 [Note] InnoDB: Starting crash recovery.
2017-04-06 18:03:24 9220 [Note] InnoDB: Reading tablespace information from the .ibd files...
2017-04-06 18:03:24 9220 [Note] InnoDB: Restoring possible half-written data pages 
2017-04-06 18:03:24 9220 [Note] InnoDB: from the doublewrite buffer...
2017-04-06 18:03:24 9220 [Note] InnoDB: 128 rollback segment(s) are active.
2017-04-06 18:03:24 9220 [Note] InnoDB: Waiting for purge to start
2017-04-06 18:03:24 9220 [Note] InnoDB:  Percona XtraDB (http://www.percona.com) 5.6.34-79.1 started; log sequence number 1844877
2017-04-06 18:03:24 864 [Note] InnoDB: Dumping buffer pool(s) not yet started
2017-04-06 18:03:24 9220 [Note] Plugin 'FEEDBACK' is disabled.
2017-04-06 18:03:24 9220 [Note] Server socket created on IP: '::'.
2017-04-06 18:03:24 9220 [ERROR] mysqld.exe: Table '.\mysql\user' is marked as crashed and should be repaired
2017-04-06 18:03:24 9220 [Warning] Checking table:   '.\mysql\user'
2017-04-06 18:03:25 9220 [ERROR] mysql.user: 1 client is using or hasn't closed the table properly
2017-04-06 18:03:25 9220 [ERROR] mysqld.exe: Table '.\mysql\db' is marked as crashed and should be repaired
2017-04-06 18:03:25 9220 [Warning] Checking table:   '.\mysql\db'
2017-04-06 18:03:25 9220 [ERROR] mysql.db: 1 client is using or hasn't closed the table properly
2017-04-06 18:03:25 9220 [Note] c:\xampp\mysql\bin\mysqld.exe: ready for connections.
Version: '10.1.21-MariaDB'  socket: ''  port: 3306  mariadb.org binary distribution
2017-04-06 18:04:28 1264 [ERROR] Incorrect definition of table mysql.column_stats: expected column 'min_value' at position 3 to have type varbinary(255), found type varchar(255).
2017-04-06 18:04:28 1264 [ERROR] Incorrect definition of table mysql.column_stats: expected column 'max_value' at position 4 to have type varbinary(255), found type varchar(255).
2017-04-06 18:18:30 8588 [ERROR] Incorrect definition of table mysql.column_stats: expected column 'min_value' at position 3 to have type varbinary(255), found type varchar(255).
2017-04-06 18:18:30 8588 [ERROR] Incorrect definition of table mysql.column_stats: expected column 'max_value' at position 4 to have type varbinary(255), found type varchar(255).
2017-04-06 18:18:38 8588 [ERROR] Incorrect definition of table mysql.column_stats: expected column 'min_value' at position 3 to have type varbinary(255), found type varchar(255).
2017-04-06 18:18:38 8588 [ERROR] Incorrect definition of table mysql.column_stats: expected column 'max_value' at position 4 to have type varbinary(255), found type varchar(255).
2017-04-06 18:18:58 6312 [ERROR] Incorrect definition of table mysql.column_stats: expected column 'min_value' at position 3 to have type varbinary(255), found type varchar(255).
2017-04-06 18:18:58 6312 [ERROR] Incorrect definition of table mysql.column_stats: expected column 'max_value' at position 4 to have type varbinary(255), found type varchar(255).
2017-04-06 18:42:35 6312 [ERROR] Incorrect definition of table mysql.column_stats: expected column 'min_value' at position 3 to have type varbinary(255), found type varchar(255).
2017-04-06 18:42:35 6312 [ERROR] Incorrect definition of table mysql.column_stats: expected column 'max_value' at position 4 to have type varbinary(255), found type varchar(255).
2017-04-06 18:49:43 6312 [ERROR] Incorrect definition of table mysql.column_stats: expected column 'min_value' at position 3 to have type varbinary(255), found type varchar(255).
2017-04-06 18:49:43 6312 [ERROR] Incorrect definition of table mysql.column_stats: expected column 'max_value' at position 4 to have type varbinary(255), found type varchar(255).
2017-04-06 18:49:47 8588 [Note] InnoDB: Online DDL : Start
2017-04-06 18:49:47 8588 [Note] InnoDB: Online DDL : Start reading clustered index of the table and create temporary files
2017-04-06 18:49:48 8588 [Note] InnoDB: Online DDL : End of reading clustered index of the table and create temporary files
2017-04-06 18:49:48 8588 [Note] InnoDB: Online DDL : Start applying row log
2017-04-06 18:49:48 8588 [Note] InnoDB: Online DDL : End of applying row log
2017-04-06 18:49:48 8588 [Note] InnoDB: Online DDL : Completed
2017-04-06 18:49:48 6312 [Note] InnoDB: Online DDL : Start
2017-04-06 18:49:48 6312 [Note] InnoDB: Online DDL : Start reading clustered index of the table and create temporary files
2017-04-06 18:49:48 6312 [Note] InnoDB: Online DDL : End of reading clustered index of the table and create temporary files
2017-04-06 18:49:48 6312 [Note] InnoDB: Online DDL : Start applying row log
2017-04-06 18:49:48 6312 [Note] InnoDB: Online DDL : End of applying row log
2017-04-06 18:49:48 6312 [Note] InnoDB: Online DDL : Completed
2017-04-08 11:56:53 2290 InnoDB: Warning: Using innodb_additional_mem_pool_size is DEPRECATED. This option may be removed in future releases, together with the option innodb_use_sys_malloc and with the InnoDB's internal memory allocator.
2017-04-08 11:56:53 8848 [Note] InnoDB: innodb_empty_free_list_algorithm has been changed to legacy because of small buffer pool size. In order to use backoff, increase buffer pool at least up to 20MB.

2017-04-08 11:56:53 8848 [Note] InnoDB: Using mutexes to ref count buffer pool pages
2017-04-08 11:56:53 8848 [Note] InnoDB: The InnoDB memory heap is disabled
2017-04-08 11:56:53 8848 [Note] InnoDB: Mutexes and rw_locks use Windows interlocked functions
2017-04-08 11:56:53 8848 [Note] InnoDB: _mm_lfence() and _mm_sfence() are used for memory barrier
2017-04-08 11:56:53 8848 [Note] InnoDB: Compressed tables use zlib 1.2.3
2017-04-08 11:56:53 8848 [Note] InnoDB: Using generic crc32 instructions
2017-04-08 11:56:53 8848 [Note] InnoDB: Initializing buffer pool, size = 16.0M
2017-04-08 11:56:53 8848 [Note] InnoDB: Completed initialization of buffer pool
2017-04-08 11:56:53 8848 [Note] InnoDB: Highest supported file format is Barracuda.
2017-04-08 11:56:53 8848 [Note] InnoDB: The log sequence numbers 1836044 and 1836044 in ibdata files do not match the log sequence number 1914258 in the ib_logfiles!
2017-04-08 11:56:53 8848 [Note] InnoDB: Database was not shutdown normally!
2017-04-08 11:56:53 8848 [Note] InnoDB: Starting crash recovery.
2017-04-08 11:56:53 8848 [Note] InnoDB: Reading tablespace information from the .ibd files...
2017-04-08 11:56:53 8848 [Note] InnoDB: Restoring possible half-written data pages 
2017-04-08 11:56:53 8848 [Note] InnoDB: from the doublewrite buffer...
2017-04-08 11:56:57 8848 [Note] InnoDB: 128 rollback segment(s) are active.
2017-04-08 11:56:57 8848 [Note] InnoDB: Waiting for purge to start
2017-04-08 11:56:57 8848 [Note] InnoDB:  Percona XtraDB (http://www.percona.com) 5.6.34-79.1 started; log sequence number 1914258
2017-04-08 11:57:01 7772 [Note] InnoDB: Dumping buffer pool(s) not yet started
2017-04-08 11:57:01 8848 [Note] Plugin 'FEEDBACK' is disabled.
2017-04-08 11:57:01 8848 [Note] Server socket created on IP: '::'.
2017-04-08 11:57:02 8848 [Note] c:\xampp\mysql\bin\mysqld.exe: ready for connections.
Version: '10.1.21-MariaDB'  socket: ''  port: 3306  mariadb.org binary distribution
2017-04-08 11:58:20 e0 InnoDB: Warning: Using innodb_additional_mem_pool_size is DEPRECATED. This option may be removed in future releases, together with the option innodb_use_sys_malloc and with the InnoDB's internal memory allocator.
2017-04-08 11:58:20 224 [Note] InnoDB: innodb_empty_free_list_algorithm has been changed to legacy because of small buffer pool size. In order to use backoff, increase buffer pool at least up to 20MB.

2017-04-08 11:58:20 224 [Note] InnoDB: Using mutexes to ref count buffer pool pages
2017-04-08 11:58:20 224 [Note] InnoDB: The InnoDB memory heap is disabled
2017-04-08 11:58:20 224 [Note] InnoDB: Mutexes and rw_locks use Windows interlocked functions
2017-04-08 11:58:20 224 [Note] InnoDB: _mm_lfence() and _mm_sfence() are used for memory barrier
2017-04-08 11:58:20 224 [Note] InnoDB: Compressed tables use zlib 1.2.3
2017-04-08 11:58:20 224 [Note] InnoDB: Using generic crc32 instructions
2017-04-08 11:58:20 224 [Note] InnoDB: Initializing buffer pool, size = 16.0M
2017-04-08 11:58:20 224 [Note] InnoDB: Completed initialization of buffer pool
2017-04-08 11:58:20 224 [Note] InnoDB: Highest supported file format is Barracuda.
2017-04-08 11:58:20 224 [Note] InnoDB: The log sequence numbers 1836044 and 1836044 in ibdata files do not match the log sequence number 1914268 in the ib_logfiles!
2017-04-08 11:58:20 224 [Note] InnoDB: Database was not shutdown normally!
2017-04-08 11:58:20 224 [Note] InnoDB: Starting crash recovery.
2017-04-08 11:58:20 224 [Note] InnoDB: Reading tablespace information from the .ibd files...
2017-04-08 11:58:21 224 [Note] InnoDB: Restoring possible half-written data pages 
2017-04-08 11:58:21 224 [Note] InnoDB: from the doublewrite buffer...
2017-04-08 11:58:24 224 [Note] InnoDB: 128 rollback segment(s) are active.
2017-04-08 11:58:24 224 [Note] InnoDB: Waiting for purge to start
2017-04-08 11:58:24 224 [Note] InnoDB:  Percona XtraDB (http://www.percona.com) 5.6.34-79.1 started; log sequence number 1914268
2017-04-08 11:58:25 14640 [Note] InnoDB: Dumping buffer pool(s) not yet started
2017-04-08 11:58:25 224 [Note] Plugin 'FEEDBACK' is disabled.
2017-04-08 11:58:25 224 [Note] Server socket created on IP: '::'.
2017-04-08 11:58:25 224 [Note] c:\xampp\mysql\bin\mysqld.exe: ready for connections.
Version: '10.1.21-MariaDB'  socket: ''  port: 3306  mariadb.org binary distribution
2017-04-08 11:59:19 236c InnoDB: Warning: Using innodb_additional_mem_pool_size is DEPRECATED. This option may be removed in future releases, together with the option innodb_use_sys_malloc and with the InnoDB's internal memory allocator.
2017-04-08 11:59:19 9068 [Note] InnoDB: innodb_empty_free_list_algorithm has been changed to legacy because of small buffer pool size. In order to use backoff, increase buffer pool at least up to 20MB.

2017-04-08 11:59:19 9068 [Note] InnoDB: Using mutexes to ref count buffer pool pages
2017-04-08 11:59:19 9068 [Note] InnoDB: The InnoDB memory heap is disabled
2017-04-08 11:59:19 9068 [Note] InnoDB: Mutexes and rw_locks use Windows interlocked functions
2017-04-08 11:59:19 9068 [Note] InnoDB: _mm_lfence() and _mm_sfence() are used for memory barrier
2017-04-08 11:59:19 9068 [Note] InnoDB: Compressed tables use zlib 1.2.3
2017-04-08 11:59:19 9068 [Note] InnoDB: Using generic crc32 instructions
2017-04-08 11:59:19 9068 [Note] InnoDB: Initializing buffer pool, size = 16.0M
2017-04-08 11:59:19 9068 [Note] InnoDB: Completed initialization of buffer pool
2017-04-08 11:59:19 9068 [Note] InnoDB: Highest supported file format is Barracuda.
2017-04-08 11:59:19 9068 [Note] InnoDB: The log sequence numbers 1836044 and 1836044 in ibdata files do not match the log sequence number 1914278 in the ib_logfiles!
2017-04-08 11:59:19 9068 [Note] InnoDB: Database was not shutdown normally!
2017-04-08 11:59:19 9068 [Note] InnoDB: Starting crash recovery.
2017-04-08 11:59:19 9068 [Note] InnoDB: Reading tablespace information from the .ibd files...
2017-04-08 11:59:20 9068 [Note] InnoDB: Restoring possible half-written data pages 
2017-04-08 11:59:20 9068 [Note] InnoDB: from the doublewrite buffer...
2017-04-08 11:59:23 9068 [Note] InnoDB: 128 rollback segment(s) are active.
2017-04-08 11:59:23 9068 [Note] InnoDB: Waiting for purge to start
2017-04-08 11:59:23 9068 [Note] InnoDB:  Percona XtraDB (http://www.percona.com) 5.6.34-79.1 started; log sequence number 1914278
2017-04-08 11:59:23 2696 [Note] InnoDB: Dumping buffer pool(s) not yet started
2017-04-08 11:59:23 9068 [Note] Plugin 'FEEDBACK' is disabled.
2017-04-08 11:59:23 9068 [Note] Server socket created on IP: '::'.
2017-04-08 11:59:23 9068 [Note] c:\xampp\mysql\bin\mysqld.exe: ready for connections.
Version: '10.1.21-MariaDB'  socket: ''  port: 3306  mariadb.org binary distribution
2017-04-08 12:01:23 1470 InnoDB: Warning: Using innodb_additional_mem_pool_size is DEPRECATED. This option may be removed in future releases, together with the option innodb_use_sys_malloc and with the InnoDB's internal memory allocator.
2017-04-08 12:01:23 5232 [Note] InnoDB: innodb_empty_free_list_algorithm has been changed to legacy because of small buffer pool size. In order to use backoff, increase buffer pool at least up to 20MB.

2017-04-08 12:01:23 5232 [Note] InnoDB: Using mutexes to ref count buffer pool pages
2017-04-08 12:01:23 5232 [Note] InnoDB: The InnoDB memory heap is disabled
2017-04-08 12:01:23 5232 [Note] InnoDB: Mutexes and rw_locks use Windows interlocked functions
2017-04-08 12:01:23 5232 [Note] InnoDB: _mm_lfence() and _mm_sfence() are used for memory barrier
2017-04-08 12:01:23 5232 [Note] InnoDB: Compressed tables use zlib 1.2.3
2017-04-08 12:01:23 5232 [Note] InnoDB: Using generic crc32 instructions
2017-04-08 12:01:23 5232 [Note] InnoDB: Initializing buffer pool, size = 16.0M
2017-04-08 12:01:23 5232 [Note] InnoDB: Completed initialization of buffer pool
2017-04-08 12:01:24 5232 [Note] InnoDB: Highest supported file format is Barracuda.
2017-04-08 12:01:24 5232 [Note] InnoDB: The log sequence numbers 1836044 and 1836044 in ibdata files do not match the log sequence number 1914288 in the ib_logfiles!
2017-04-08 12:01:24 5232 [Note] InnoDB: Database was not shutdown normally!
2017-04-08 12:01:24 5232 [Note] InnoDB: Starting crash recovery.
2017-04-08 12:01:24 5232 [Note] InnoDB: Reading tablespace information from the .ibd files...
2017-04-08 12:01:24 5232 [Note] InnoDB: Restoring possible half-written data pages 
2017-04-08 12:01:24 5232 [Note] InnoDB: from the doublewrite buffer...
2017-04-08 12:01:26 5232 [Note] InnoDB: 128 rollback segment(s) are active.
2017-04-08 12:01:26 5232 [Note] InnoDB: Waiting for purge to start
2017-04-08 12:01:27 5232 [Note] InnoDB:  Percona XtraDB (http://www.percona.com) 5.6.34-79.1 started; log sequence number 1914288
2017-04-08 12:01:27 9568 [Note] InnoDB: Dumping buffer pool(s) not yet started
2017-04-08 12:01:27 5232 [Note] Plugin 'FEEDBACK' is disabled.
2017-04-08 12:01:27 5232 [Note] Server socket created on IP: '::'.
2017-04-08 12:01:27 5232 [Note] c:\xampp\mysql\bin\mysqld.exe: ready for connections.
Version: '10.1.21-MariaDB'  socket: ''  port: 3306  mariadb.org binary distribution
2017-04-08 12:26:20 2f0c InnoDB: Warning: Using innodb_additional_mem_pool_size is DEPRECATED. This option may be removed in future releases, together with the option innodb_use_sys_malloc and with the InnoDB's internal memory allocator.
2017-04-08 12:26:20 12044 [Note] InnoDB: innodb_empty_free_list_algorithm has been changed to legacy because of small buffer pool size. In order to use backoff, increase buffer pool at least up to 20MB.

2017-04-08 12:26:20 12044 [Note] InnoDB: Using mutexes to ref count buffer pool pages
2017-04-08 12:26:20 12044 [Note] InnoDB: The InnoDB memory heap is disabled
2017-04-08 12:26:20 12044 [Note] InnoDB: Mutexes and rw_locks use Windows interlocked functions
2017-04-08 12:26:20 12044 [Note] InnoDB: _mm_lfence() and _mm_sfence() are used for memory barrier
2017-04-08 12:26:20 12044 [Note] InnoDB: Compressed tables use zlib 1.2.3
2017-04-08 12:26:20 12044 [Note] InnoDB: Using generic crc32 instructions
2017-04-08 12:26:20 12044 [Note] InnoDB: Initializing buffer pool, size = 16.0M
2017-04-08 12:26:20 12044 [Note] InnoDB: Completed initialization of buffer pool
2017-04-08 12:26:20 12044 [Note] InnoDB: Highest supported file format is Barracuda.
2017-04-08 12:26:20 12044 [Note] InnoDB: The log sequence numbers 1836044 and 1836044 in ibdata files do not match the log sequence number 1914298 in the ib_logfiles!
2017-04-08 12:26:20 12044 [Note] InnoDB: Database was not shutdown normally!
2017-04-08 12:26:20 12044 [Note] InnoDB: Starting crash recovery.
2017-04-08 12:26:20 12044 [Note] InnoDB: Reading tablespace information from the .ibd files...
2017-04-08 12:26:20 12044 [Note] InnoDB: Restoring possible half-written data pages 
2017-04-08 12:26:20 12044 [Note] InnoDB: from the doublewrite buffer...
2017-04-08 12:26:21 12044 [Note] InnoDB: 128 rollback segment(s) are active.
2017-04-08 12:26:21 12044 [Note] InnoDB: Waiting for purge to start
2017-04-08 12:26:21 12044 [Note] InnoDB:  Percona XtraDB (http://www.percona.com) 5.6.34-79.1 started; log sequence number 1914298
2017-04-08 12:26:21 8208 [Note] InnoDB: Dumping buffer pool(s) not yet started
2017-04-08 12:26:21 12044 [Note] Plugin 'FEEDBACK' is disabled.
2017-04-08 12:26:21 12044 [Note] Server socket created on IP: '::'.
2017-04-08 12:26:21 12044 [Note] c:\xampp\mysql\bin\mysqld.exe: ready for connections.
Version: '10.1.21-MariaDB'  socket: ''  port: 3306  mariadb.org binary distribution
2017-04-08 12:29:31 1eec InnoDB: Warning: Using innodb_additional_mem_pool_size is DEPRECATED. This option may be removed in future releases, together with the option innodb_use_sys_malloc and with the InnoDB's internal memory allocator.
2017-04-08 12:29:31 7916 [Note] InnoDB: innodb_empty_free_list_algorithm has been changed to legacy because of small buffer pool size. In order to use backoff, increase buffer pool at least up to 20MB.

2017-04-08 12:29:31 7916 [Note] InnoDB: Using mutexes to ref count buffer pool pages
2017-04-08 12:29:31 7916 [Note] InnoDB: The InnoDB memory heap is disabled
2017-04-08 12:29:31 7916 [Note] InnoDB: Mutexes and rw_locks use Windows interlocked functions
2017-04-08 12:29:31 7916 [Note] InnoDB: _mm_lfence() and _mm_sfence() are used for memory barrier
2017-04-08 12:29:31 7916 [Note] InnoDB: Compressed tables use zlib 1.2.3
2017-04-08 12:29:31 7916 [Note] InnoDB: Using generic crc32 instructions
2017-04-08 12:29:31 7916 [Note] InnoDB: Initializing buffer pool, size = 16.0M
2017-04-08 12:29:31 7916 [Note] InnoDB: Completed initialization of buffer pool
2017-04-08 12:29:31 7916 [Note] InnoDB: Highest supported file format is Barracuda.
2017-04-08 12:29:31 7916 [Note] InnoDB: The log sequence numbers 1836044 and 1836044 in ibdata files do not match the log sequence number 1914308 in the ib_logfiles!
2017-04-08 12:29:31 7916 [Note] InnoDB: Database was not shutdown normally!
2017-04-08 12:29:31 7916 [Note] InnoDB: Starting crash recovery.
2017-04-08 12:29:31 7916 [Note] InnoDB: Reading tablespace information from the .ibd files...
2017-04-08 12:29:31 7916 [Note] InnoDB: Restoring possible half-written data pages 
2017-04-08 12:29:31 7916 [Note] InnoDB: from the doublewrite buffer...
2017-04-08 12:29:32 7916 [Note] InnoDB: 128 rollback segment(s) are active.
2017-04-08 12:29:32 7916 [Note] InnoDB: Waiting for purge to start
2017-04-08 12:29:32 7916 [Note] InnoDB:  Percona XtraDB (http://www.percona.com) 5.6.34-79.1 started; log sequence number 1914308
2017-04-08 12:29:32 11012 [Note] InnoDB: Dumping buffer pool(s) not yet started
2017-04-08 12:29:32 7916 [Note] Plugin 'FEEDBACK' is disabled.
2017-04-08 12:29:32 7916 [Note] Server socket created on IP: '::'.
2017-04-08 12:29:32 7916 [Note] c:\xampp\mysql\bin\mysqld.exe: ready for connections.
Version: '10.1.21-MariaDB'  socket: ''  port: 3306  mariadb.org binary distribution
2017-04-08 23:00:03 34f0 InnoDB: Warning: Using innodb_additional_mem_pool_size is DEPRECATED. This option may be removed in future releases, together with the option innodb_use_sys_malloc and with the InnoDB's internal memory allocator.
2017-04-08 23:00:03 13552 [Note] InnoDB: innodb_empty_free_list_algorithm has been changed to legacy because of small buffer pool size. In order to use backoff, increase buffer pool at least up to 20MB.

2017-04-08 23:00:03 13552 [Note] InnoDB: Using mutexes to ref count buffer pool pages
2017-04-08 23:00:03 13552 [Note] InnoDB: The InnoDB memory heap is disabled
2017-04-08 23:00:03 13552 [Note] InnoDB: Mutexes and rw_locks use Windows interlocked functions
2017-04-08 23:00:03 13552 [Note] InnoDB: _mm_lfence() and _mm_sfence() are used for memory barrier
2017-04-08 23:00:03 13552 [Note] InnoDB: Compressed tables use zlib 1.2.3
2017-04-08 23:00:03 13552 [Note] InnoDB: Using generic crc32 instructions
2017-04-08 23:00:03 13552 [Note] InnoDB: Initializing buffer pool, size = 16.0M
2017-04-08 23:00:03 13552 [Note] InnoDB: Completed initialization of buffer pool
2017-04-08 23:00:03 13552 [Note] InnoDB: Highest supported file format is Barracuda.
2017-04-08 23:00:03 13552 [Note] InnoDB: The log sequence numbers 1836044 and 1836044 in ibdata files do not match the log sequence number 1914318 in the ib_logfiles!
2017-04-08 23:00:03 13552 [Note] InnoDB: Database was not shutdown normally!
2017-04-08 23:00:03 13552 [Note] InnoDB: Starting crash recovery.
2017-04-08 23:00:03 13552 [Note] InnoDB: Reading tablespace information from the .ibd files...
2017-04-08 23:00:03 13552 [Note] InnoDB: Restoring possible half-written data pages 
2017-04-08 23:00:03 13552 [Note] InnoDB: from the doublewrite buffer...
2017-04-08 23:00:04 13552 [Note] InnoDB: 128 rollback segment(s) are active.
2017-04-08 23:00:04 13552 [Note] InnoDB: Waiting for purge to start
2017-04-08 23:00:04 13552 [Note] InnoDB:  Percona XtraDB (http://www.percona.com) 5.6.34-79.1 started; log sequence number 1914318
2017-04-08 23:00:05 13552 [Note] Plugin 'FEEDBACK' is disabled.
2017-04-08 23:00:05 13552 [Note] Server socket created on IP: '::'.
2017-04-08 23:00:05 14864 [Note] InnoDB: Dumping buffer pool(s) not yet started
2017-04-08 23:00:05 13552 [Note] c:\xampp\mysql\bin\mysqld.exe: ready for connections.
Version: '10.1.21-MariaDB'  socket: ''  port: 3306  mariadb.org binary distribution
2017-04-09 20:46:30 24d8 InnoDB: Warning: Using innodb_additional_mem_pool_size is DEPRECATED. This option may be removed in future releases, together with the option innodb_use_sys_malloc and with the InnoDB's internal memory allocator.
2017-04-09 20:46:30 9432 [Note] InnoDB: innodb_empty_free_list_algorithm has been changed to legacy because of small buffer pool size. In order to use backoff, increase buffer pool at least up to 20MB.

2017-04-09 20:46:30 9432 [Note] InnoDB: Using mutexes to ref count buffer pool pages
2017-04-09 20:46:30 9432 [Note] InnoDB: The InnoDB memory heap is disabled
2017-04-09 20:46:30 9432 [Note] InnoDB: Mutexes and rw_locks use Windows interlocked functions
2017-04-09 20:46:30 9432 [Note] InnoDB: _mm_lfence() and _mm_sfence() are used for memory barrier
2017-04-09 20:46:30 9432 [Note] InnoDB: Compressed tables use zlib 1.2.3
2017-04-09 20:46:30 9432 [Note] InnoDB: Using generic crc32 instructions
2017-04-09 20:46:30 9432 [Note] InnoDB: Initializing buffer pool, size = 16.0M
2017-04-09 20:46:30 9432 [Note] InnoDB: Completed initialization of buffer pool
2017-04-09 20:46:30 9432 [Note] InnoDB: Highest supported file format is Barracuda.
2017-04-09 20:46:30 9432 [Note] InnoDB: The log sequence numbers 1836044 and 1836044 in ibdata files do not match the log sequence number 1914328 in the ib_logfiles!
2017-04-09 20:46:30 9432 [Note] InnoDB: Database was not shutdown normally!
2017-04-09 20:46:30 9432 [Note] InnoDB: Starting crash recovery.
2017-04-09 20:46:30 9432 [Note] InnoDB: Reading tablespace information from the .ibd files...
2017-04-09 20:46:30 9432 [Note] InnoDB: Restoring possible half-written data pages 
2017-04-09 20:46:30 9432 [Note] InnoDB: from the doublewrite buffer...
2017-04-09 20:46:31 9432 [Note] InnoDB: 128 rollback segment(s) are active.
2017-04-09 20:46:31 9432 [Note] InnoDB: Waiting for purge to start
2017-04-09 20:46:31 9432 [Note] InnoDB:  Percona XtraDB (http://www.percona.com) 5.6.34-79.1 started; log sequence number 1914328
2017-04-09 20:46:31 6840 [Note] InnoDB: Dumping buffer pool(s) not yet started
2017-04-09 20:46:31 9432 [Note] Plugin 'FEEDBACK' is disabled.
2017-04-09 20:46:31 9432 [Note] Server socket created on IP: '::'.
2017-04-09 20:46:31 9432 [Note] c:\xampp\mysql\bin\mysqld.exe: ready for connections.
Version: '10.1.21-MariaDB'  socket: ''  port: 3306  mariadb.org binary distribution
2017-04-09 20:57:41 2fd8 InnoDB: Warning: Using innodb_additional_mem_pool_size is DEPRECATED. This option may be removed in future releases, together with the option innodb_use_sys_malloc and with the InnoDB's internal memory allocator.
2017-04-09 20:57:41 12248 [Note] InnoDB: innodb_empty_free_list_algorithm has been changed to legacy because of small buffer pool size. In order to use backoff, increase buffer pool at least up to 20MB.

2017-04-09 20:57:41 12248 [Note] InnoDB: Using mutexes to ref count buffer pool pages
2017-04-09 20:57:41 12248 [Note] InnoDB: The InnoDB memory heap is disabled
2017-04-09 20:57:41 12248 [Note] InnoDB: Mutexes and rw_locks use Windows interlocked functions
2017-04-09 20:57:41 12248 [Note] InnoDB: _mm_lfence() and _mm_sfence() are used for memory barrier
2017-04-09 20:57:41 12248 [Note] InnoDB: Compressed tables use zlib 1.2.3
2017-04-09 20:57:41 12248 [Note] InnoDB: Using generic crc32 instructions
2017-04-09 20:57:41 12248 [Note] InnoDB: Initializing buffer pool, size = 16.0M
2017-04-09 20:57:41 12248 [Note] InnoDB: Completed initialization of buffer pool
2017-04-09 20:57:41 12248 [Note] InnoDB: Highest supported file format is Barracuda.
2017-04-09 20:57:41 12248 [Note] InnoDB: The log sequence numbers 1836044 and 1836044 in ibdata files do not match the log sequence number 1914338 in the ib_logfiles!
2017-04-09 20:57:41 12248 [Note] InnoDB: Database was not shutdown normally!
2017-04-09 20:57:41 12248 [Note] InnoDB: Starting crash recovery.
2017-04-09 20:57:41 12248 [Note] InnoDB: Reading tablespace information from the .ibd files...
2017-04-09 20:57:41 12248 [Note] InnoDB: Restoring possible half-written data pages 
2017-04-09 20:57:41 12248 [Note] InnoDB: from the doublewrite buffer...
2017-04-09 20:57:42 12248 [Note] InnoDB: 128 rollback segment(s) are active.
2017-04-09 20:57:42 12248 [Note] InnoDB: Waiting for purge to start
2017-04-09 20:57:42 12248 [Note] InnoDB:  Percona XtraDB (http://www.percona.com) 5.6.34-79.1 started; log sequence number 1914338
2017-04-09 20:57:42 12092 [Note] InnoDB: Dumping buffer pool(s) not yet started
2017-04-09 20:57:42 12248 [Note] Plugin 'FEEDBACK' is disabled.
2017-04-09 20:57:42 12248 [Note] Server socket created on IP: '::'.
2017-04-09 20:57:42 12248 [ERROR] mysqld.exe: Table '.\mysql\user' is marked as crashed and should be repaired
2017-04-09 20:57:42 12248 [Warning] Checking table:   '.\mysql\user'
2017-04-09 20:57:42 12248 [ERROR] mysql.user: 1 client is using or hasn't closed the table properly
2017-04-09 20:57:42 12248 [ERROR] mysqld.exe: Table '.\mysql\db' is marked as crashed and should be repaired
2017-04-09 20:57:42 12248 [Warning] Checking table:   '.\mysql\db'
2017-04-09 20:57:42 12248 [ERROR] mysql.db: 1 client is using or hasn't closed the table properly
2017-04-09 20:57:43 12248 [Note] c:\xampp\mysql\bin\mysqld.exe: ready for connections.
Version: '10.1.21-MariaDB'  socket: ''  port: 3306  mariadb.org binary distribution
2017-04-09 21:14:08 8020 [ERROR] Incorrect definition of table mysql.column_stats: expected column 'min_value' at position 3 to have type varbinary(255), found type varchar(255).
2017-04-09 21:14:08 8020 [ERROR] Incorrect definition of table mysql.column_stats: expected column 'max_value' at position 4 to have type varbinary(255), found type varchar(255).
2017-04-09 21:16:09 8020 [ERROR] Incorrect definition of table mysql.column_stats: expected column 'min_value' at position 3 to have type varbinary(255), found type varchar(255).
2017-04-09 21:16:09 8020 [ERROR] Incorrect definition of table mysql.column_stats: expected column 'max_value' at position 4 to have type varbinary(255), found type varchar(255).
2017-04-09 21:17:01 11140 [Note] InnoDB: Online DDL : Start
2017-04-09 21:17:01 11140 [Note] InnoDB: Online DDL : Start reading clustered index of the table and create temporary files
2017-04-09 21:17:01 11140 [Note] InnoDB: Online DDL : End of reading clustered index of the table and create temporary files
2017-04-09 21:17:01 11140 [Note] InnoDB: Online DDL : Start applying row log
2017-04-09 21:17:01 11140 [Note] InnoDB: Online DDL : End of applying row log
2017-04-09 21:17:01 11140 [Note] InnoDB: Online DDL : Completed
2017-04-09 21:17:02 11140 [Note] InnoDB: Online DDL : Start
2017-04-09 21:17:02 11140 [Note] InnoDB: Online DDL : Start reading clustered index of the table and create temporary files
2017-04-09 21:17:02 11140 [Note] InnoDB: Online DDL : End of reading clustered index of the table and create temporary files
2017-04-09 21:17:02 11140 [Note] InnoDB: Online DDL : Start applying row log
2017-04-09 21:17:02 11140 [Note] InnoDB: Online DDL : End of applying row log
2017-04-09 21:17:02 11140 [Note] InnoDB: Online DDL : Completed
